build/app/outputs/mapping/release/usage.txt
com.example.catalogapp.R$drawable
com.example.catalogapp.BuildConfig
com.example.catalogapp.R$styleable
com.example.catalogapp.R$id
com.example.catalogapp.R$dimen
com.example.catalogapp.R$attr
com.example.catalogapp.R$integer
com.example.catalogapp.R$mipmap
com.example.catalogapp.R$style
com.example.catalogapp.R$layout
com.example.catalogapp.R$color
com.example.catalogapp.R$string
com.example.catalogapp.R
...
kotlin.ranges.ClosedRange
kotlin.sequences.TransformingSequence
com.google.common.collect.AbstractRangeSet
com.google.common.xml.XmlEscapers
com.google.common.collect.RegularImmutableTable$CellSet
com.google.common.collect.Sets$CartesianSet
io.flutter.embedding.android.FlutterTextureView:
    private static final java.lang.String TAG
com.google.common.collect.RegularImmutableMap$EntrySet$1
com.google.common.collect.CompactHashSet$1
com.google.common.escape.CharEscaper
androidx.lifecycle.ViewModelProvider$NewInstanceFactory
io.flutter.embedding.engine.plugins.shim.ShimPluginRegistry$1
androidx.lifecycle.ViewModelProvider
kotlin.jvm.internal.markers.KMutableIterable
com.google.common.collect.Sets$5
com.google.common.collect.ImmutableEnumSet$EnumSerializedForm
com.google.common.util.concurrent.Service
com.google.common.collect.RegularImmutableAsList
androidx.loader.app.LoaderManagerImpl
androidx.loader.app.LoaderManager
kotlin.text.CharDirectionality$Companion$directionalityMap$2
com.google.common.collect.Collections2
androidx.fragment.app.FragmentTransition$4
androidx.core.provider.SelfDestructiveThread$2
androidx.loader.R$integer
androidx.core.graphics.TypefaceCompatApi26Impl
androidx.core.view.DragStartHelper$2
androidx.arch.core.util.Function
kotlin.collections.CollectionsKt__IteratorsKt
io.flutter.view.FlutterNativeView$1
kotlin.UByteArray$Iterator
com.google.common.util.concurrent.Striped$PaddedSemaphore
kotlin.sequences.SequencesKt___SequencesKt$requireNoNulls$1
kotlin.comparisons.ComparisonsKt__ComparisonsKt$nullsFirst$1
org.intellij.lang.annotations.JdkConstants$CursorType
com.google.common.hash.MessageDigestHashFunction$MessageDigestHasher
androidx.annotation.RequiresPermission$Write
androidx.core.graphics.drawable.IconCompat:
    public static androidx.core.graphics.drawable.IconCompat createWithResource(android.content.Context,int)
    public static androidx.core.graphics.drawable.IconCompat createWithResource(android.content.res.Resources,java.lang.String,int)
    public static androidx.core.graphics.drawable.IconCompat createWithBitmap(android.graphics.Bitmap)
    public static androidx.core.graphics.drawable.IconCompat createWithAdaptiveBitmap(android.graphics.Bitmap)
    public static androidx.core.graphics.drawable.IconCompat createWithData(byte[],int,int)
    public static androidx.core.graphics.drawable.IconCompat createWithContentUri(java.lang.String)
    public static androidx.core.graphics.drawable.IconCompat createWithContentUri(android.net.Uri)
    private void <init>(int)
    private android.graphics.drawable.Drawable loadDrawableInner(android.content.Context)
    private static android.content.res.Resources getResources(android.content.Context,java.lang.String)
    public static androidx.core.graphics.drawable.IconCompat createFromBundle(android.os.Bundle)
    public static androidx.core.graphics.drawable.IconCompat createFromIcon(android.content.Context,android.graphics.drawable.Icon)
    public static androidx.core.graphics.drawable.IconCompat createFromIcon(android.graphics.drawable.Icon)
    private static int getType(android.graphics.drawable.Icon)
    private static android.net.Uri getUri(android.graphics.drawable.Icon)
com.google.common.util.concurrent.TrustedListenableFutureTask$TrustedFutureInterruptibleAsyncTask
androidx.core.content.res.GradientColorInflaterCompat
com.google.common.graph.DirectedGraphConnections$2
com.google.common.net.InternetDomainName
kotlin.coroutines.jvm.internal.BaseContinuationImpl
com.google.common.base.Suppliers
com.google.common.io.Resources$UrlByteSource
kotlin.sequences.MergingSequence
kotlin.internal.ContractsDsl
androidx.core.view.accessibility.AccessibilityViewCommand$MoveAtGranularityArguments
androidx.core.view.inputmethod.InputConnectionCompat$OnCommitContentListener
kotlin.sequences.TakeSequence$iterator$1
androidx.customview.view.AbsSavedState